


R-Vehicle-Body06
R-Vehicle-Prop-VTOL
R-Wpn-AAGun02
R-Wpn-Flamer-ROF02
R-Wpn-HowitzerMk1
R-Wpn-Rocket06-IDF
R-Defense-AASite-QuadBof
R-Defense-Howitzer
R-Defense-IDFRocket
R-Defense-WallTower-DoubleAAgun
R-Sys-VTOLCBS-Turret01
R-Sys-VTOLStrike-Turret01
R-Wpn-Bomb01
R-Wpn-Flamer-ROF03
R-Wpn-Howitzer-Damage01
R-Wpn-Howitzer-Incenediary
R-Defense-Howitzer-Incenediary
R-Sys-VTOLStrike-Tower01
R-Wpn-Bomb-Accuracy01
R-Wpn-Bomb03
R-Wpn-Howitzer-Damage02
R-Defense-SuperIncHowitzer
R-Wpn-Bomb-Accuracy02
R-Wpn-Bomb07
R-Wpn-Howitzer-Damage03
R-Wpn-Bomb-Accuracy03
