
	Found: R-Vehicle-Body01
	Found: R-Sys-Spade1Mk1
	Found: R-Vehicle-Prop-Wheels
	Found: R-Vehicle-Body26
	Found: R-Sys-Sensor-Upgrade00
	Found: R-Wpn-MG1Mk1
	Found: R-Vehicle-Engine01
	Found: R-Struc-PowerModuleMk1
	Found: R-Sys-Engineering01
	Found: R-Struc-Factory-Cyborg
	Found: R-Struc-Factory-Module
	Found: R-Vehicle-Engine01
	Found: R-Vehicle-Engine02
	Found: R-Vehicle-Prop-Helicopter
	Found: R-Struc-Factory-Upgrade01
	Found: R-Struc-VTOLFactory
	Found: R-Wpn-Flamer01Mk1
	Found: R-Wpn-Flamer-Damage01
	Found: R-Wpn-Flamer-Damage02
	Found: R-Wpn-Flamer-Damage03
	Found: R-Sys-MobileRepairTurret01
	Found: R-Wpn-MG-Damage01
	Found: R-Wpn-Cannon1Mk1
	Found: R-Wpn-MG-Damage01
	Found: R-Wpn-Cannon1Mk1
	Found: R-Wpn-Cannon-Damage01
	Found: R-Defense-HardcreteWall
	Found: R-Defense-WallUpgrade01
	Found: R-Defense-WallUpgrade02
	Found: R-Defense-WallUpgrade03
	Found: R-Defense-HardcreteWall
	Found: R-Defense-WallTower02
	Found: R-Wpn-Cannon2Mk1
	Found: R-Defense-WallTower03
	Found: R-Wpn-MG-Damage02
	Found: R-Wpn-MG2Mk1
	Found: R-Wpn-AAGun05
	Found: R-Wpn-AAGun03
	Found: R-Defense-AASite-QuadMg1
	Found: R-Wpn-MG-Damage03
	Found: R-Wpn-MG3Mk1
	Found: R-Sys-Sensor-Turret01
	Found: R-Sys-Sensor-Tower01
	Found: R-Struc-CommandRelay
	Found: R-Struc-Research-Module
	Found: R-Struc-Research-Upgrade01
	Found: R-Struc-Research-Upgrade02
	Found: R-Struc-Research-Upgrade03
	Found: R-Struc-Factory-Upgrade04
	Found: R-Vehicle-Metals01
	Found: R-Vehicle-Metals02
	Found: R-Vehicle-Metals03
	Found: R-Cyborg-Metals01
	Found: R-Cyborg-Metals02
	Found: R-Cyborg-Metals03
	Found: R-Wpn-Rocket05-MiniPod
	Found: R-Wpn-Rocket-Damage01
	Found: R-Wpn-Rocket-Damage02
	Found: R-Wpn-Rocket-Damage03
	Found: R-Wpn-Rocket05-MiniPod
	Found: R-Wpn-Rocket-Damage01
	Found: R-Wpn-Rocket-Damage02
	Found: R-Wpn-Rocket05-MiniPod
	Found: R-Wpn-Rocket-Damage01
	Found: R-Wpn-Rocket-Damage02
	Found: R-Wpn-Rocket-ROF01
	Found: R-Wpn-Rocket-ROF02
	Found: R-Wpn-Rocket-Accuracy01
	Found: R-Wpn-Rocket-Pod-MRA
	Found: R-Wpn-Rocket-Range01
	Found: R-Wpn-Rocket-Range02
	Found: R-Wpn-Rocket-Range03
	Found: R-Wpn-Rocket-Pod-MRA-Twin
	Found: R-Wpn-Rocket02-MRL
	Found: R-Wpn-Rocket-Pod-MRA-Quad
	Found: R-Vehicle-Armor-Heat01
	Found: R-Vehicle-Body17
	Found: R-Vehicle-Armor-Heat02
	Found: R-Vehicle-Body04
	Found: R-Vehicle-Body08
	Found: R-Vehicle-Body18
	Found: R-Vehicle-Engine03
	Found: R-Vehicle-Engine04
	Found: R-Vehicle-Armor-Heat03
	Found: R-Vehicle-Body12
	Found: R-Vehicle-Body19
	Found: R-Struc-Materials01
	Found: R-Struc-Materials02
	Found: R-Struc-Materials03
	Found: R-Defense-HardcreteGate
	Found: R-Struc-RepairFacility
	Found: R-Struc-RprFac-Upgrade01
	Found: R-Wpn-MG-ROF01
	Found: R-Defense-Pillbox01
	Found: R-Defense-Pillbox02
	Found: R-Defense-Tower09
	Found: R-Wpn-Cannon-Damage02
	Found: R-Wpn-Cannon-Damage03
	Found: R-Wpn-Flamer-ROF01
	Found: R-Wpn-MG-Damage04
	Found: R-Defense-Tower02
	Found: R-Wpn-Mortar01Lt
	Found: R-Wpn-Mortar-Damage01
	Found: R-Wpn-Mortar-Damage02
	Found: R-Wpn-Mortar-Damage03
	Found: R-Wpn-Cannon-Damage04
	Found: R-Wpn-Cannon-ROF01
	Found: R-Wpn-Mortar02Hvy
	Found: R-Wpn-Cannon-ROF02
	Found: R-Wpn-Cannon-ROF03
	Found: R-Wpn-Mortar-ROF01
	Found: R-Wpn-Mortar-ROF02
	Found: R-Wpn-Mortar-ROF03
	Found: R-Wpn-Mortar-ROF04
	Found: R-Wpn-Rocket01-LtAT
	Found: R-Wpn-Rocket-Damage04
	Found: R-Wpn-Rocket-Accuracy02
	Found: R-Cyborg-Engine01
	Found: R-Wpn-RocketSlow-Accuracy01
	Found: R-Defense-Tower08
	Found: R-Defense-MRL
	Found: R-Comp-CommandTurret01
	Found: R-Defense-MortarPit
	Found: R-Defense-Pillbox04
	Found: R-Sys-Sensor-Tower02
	Found: R-Sys-ECM-Upgrade01
	Found: R-Defense-Pillbox05
	Found: R-Defense-Pillbox06
	Found: R-Defense-TankTrap01
	Found: R-Defense-Tower01
	Found: R-Wpn-Rocket-Pod-Twn
	Found: R-Wpn-Rocket-Pod-Quad
	Found: R-Defense-Tower06
	Found: R-Wpn-MG3Mk1-Twn
	Found: R-Defense-WallTower01
	Found: R-Defense-WallTower06
	Found: R-Wpn-AAGun06
	Found: R-Vehicle-Body05
	Found: R-Vehicle-Body11
	Found: R-Struc-VTOLPad
	Found: R-Sys-MobileRepairTurretHvy
	Found: R-Vehicle-Prop-Halftracks
	Found: R-Vehicle-Prop-Tracks
	Found: R-Vehicle-Prop-Hover
	Found: R-Wpn-Cannon-Accuracy01
	Found: R-Wpn-Cannon-Damage05
	Found: R-Wpn-Cannon3Mk1
	Found: R-Wpn-Mortar-Acc01
	Found: R-Defense-HvyMor
	Found: R-Wpn-Rocket03-HvAT
	Found: R-Defense-ECM1PylonMk1
	Found: R-Cyborg-Armor-Heat01
	Found: R-Cyborg-Armor-Heat02
	Found: R-Cyborg-Armor-Heat03
	Found: R-Wpn-Rocket05-MiniPod-Arch
	Found: R-Wpn-Rocket-Pod-Twn-Arch
	Found: R-Wpn-Rocket-Pod-Quad-Arch
	Found: R-Defense-Tower10
	Found: R-Wpn-Rocket01-LtAT-Quad
	Found: R-Wpn-Sunburst
	Found: R-Defense-Sunburst
	Found: R-Wpn-Sunburst-Arch
	Found: R-Defense-Sunburst-Arch
	Found: R-Wpn-Rocket-Arch-Hvy-Aslt-Gat
	Found: R-Comp-SynapticLink
	Found: R-Wpn-Cannon-Damage06
	Found: R-Wpn-Cannon-Mount01
	Found: R-Wpn-MG3Mk1-Aslt
	Found: R-Defense-MG3Mk1-Aslt
