


R-Struc-Power-Upgrade01
R-Wpn-Cannon4AMk1
R-Wpn-MG4
R-Defense-Emplacement-HPVcannon
R-Defense-RotMG
R-Defense-WallTower-HPVcannon
R-Struc-Power-Upgrade01b
R-Wpn-AAGun04
R-Wpn-MG4-Hvy
R-Wpn-MG5
R-Defense-AASite-QuadRotMg
R-Defense-GuardTower-RotMg
R-Defense-Super-MG-Fort
R-Defense-Wall-RotMg
R-Struc-Power-Upgrade01c
R-Wpn-AAGun-ROF04
R-Wpn-MG4-Hvy-Inc
R-Wpn-MG5-Hvy
R-Defense-MG5TWINROTARY-Hvy
R-Defense-WallTower-QuadRotAA
R-Wpn-AAGun-ROF05
R-Wpn-MG5-Hvy-Inc
R-Defense-MG5TWINROTARY-Hvy-Inc
R-Wpn-AAGun-ROF06
