

R-Vehicle-Body09
R-Wpn-Cannon375mmMk1-Twn
R-Wpn-Cannon4AMk1-Hvy
R-Wpn-HvyHowitzer
R-Wpn-PlasmaCannon
R-Defense-HvyHowitzer
R-Defense-PlasmaCannon
R-Defense-Super-LaserPlasma-Fort
R-Defense-WallTower04
R-Wpn-Cannon-Mount02
R-Wpn-Cannon4AMk1-Hvy-Inc
R-Wpn-Howitzer-Damage04
R-Wpn-Howitzer-Range02
R-Wpn-HvyHowitzer-Gat
R-Wpn-HvyHowitzer-Inc
R-Defense-Cannon4AUTOMk1-Hvy-Aslt
R-Defense-Cannon4AUTOMk1-Hvy-Inc
R-Defense-HvyHowitzer-Gat
R-Defense-HvyHowitzer-Inc
R-Defense-HvyHowitzer-Ram
R-Defense-RotHow-Ram
R-Wpn-Cannon-Mount03
R-Wpn-Howitzer-Damage05
R-Wpn-Howitzer-Range03
R-Defense-HvyHowitzer-Ram-Hvy
R-Wpn-Howitzer-Damage06
R-Wpn-HvyHowitzer-Ram-Hvy
