


R-Cyborg-Armor-Heat01
R-Defense-Emplacement-HPVcannon
R-Defense-SuperRamjetMortar
R-Defense-WallTower-DoubleAAgun
R-Defense-WallTower-HPVcannon
R-Sys-Engineering02
R-Sys-Sensor-Upgrade01
R-Wpn-AAGun-Damage01
R-Wpn-Cannon-Damage06
R-Wpn-Cannon-Mount01
R-Wpn-Cannon-ROF01
R-Wpn-MG-ROF02
R-Wpn-Mortar-Damage04
R-Wpn-Mortar-ROF01
R-Wpn-Rocket-Damage05
R-Wpn-Rocket-ROF03
R-Cyborg-Armor-Heat02
R-Sys-CBSensor-Turret01
R-Sys-RadarDetector01
R-Sys-Sensor-Upgrade02
R-Wpn-AAGun-Damage02
R-Wpn-AAGun-ROF01
R-Wpn-Cannon-Damage07
R-Wpn-Cannon-ROF02
R-Wpn-MG3Mk1-Aslt
R-Wpn-Mortar-Damage05
R-Wpn-Mortar-ROF02
R-Wpn-Rocket-Damage06
R-Wpn-Rocket-Range03
R-Cyborg-Armor-Heat03
R-Defense-MG3Mk1-Aslt
R-Sys-ECM-Upgrade02
R-Wpn-AAGun-Damage03
R-Wpn-AAGun-ROF02
R-Wpn-Cannon-Damage08
R-Wpn-Cannon-ROF03
R-Wpn-Mortar-Damage06
R-Wpn-Mortar-ROF03
R-Wpn-Rocket-Damage07
R-Wpn-AAGun-Damage04
R-Wpn-AAGun-ROF03
R-Wpn-Cannon-Damage09
R-Wpn-Cannon-ROF04
R-Wpn-Mortar-ROF04
R-Wpn-Rocket-Damage08
R-Wpn-AAGun-Damage05
R-Wpn-Cannon-ROF05
R-Wpn-Rocket-Damage09
R-Wpn-AAGun-Damage06
R-Wpn-Cannon-ROF06

