


R-Cyborg-HvyBody
R-Sys-VTOLCBS-Tower01
R-Wpn-Rocket07-Tank-Killer
R-Cyborg-Hvywpn-A-T
R-Cyborg-Hvywpn-IncMortar
R-Cyborg-Hvywpn-MG3
R-Cyborg-Hvywpn-Mcannon
R-Cyborg-Hvywpn-Ripple
R-Cyborg-Hvywpn-Rocket-LtA-T
R-Cyborg-Hvywpn-Rocket-Pod
R-Cyborg-Hvywpn-Rocket-Pod-Arch
R-Cyborg-Hvywpn-Rocket-Pod-MRA
R-Cyborg-Hvywpn-Rocket-Sunburst
R-Cyborg-Hvywpn-Rocket-Sunburst-Arch
R-Cyborg-Hvywpn-TK
R-Wpn-Rocket07-Tank-Killer-Quad
R-Cyborg-Hvywpn-HPV
R-Cyborg-Hvywpn-MG4
R-Defense-HvyA-Trocket
R-Defense-WallTower-HvyA-Trocket
