


R-Struc-Research-Upgrade04
R-Vehicle-Body02
R-Wpn-Flame2
R-Wpn-MG-ROF03
R-Cyborg-Metals04
R-Defense-HvyFlamer
R-Defense-WallUpgrade04
R-Struc-Research-Upgrade05
R-Vehicle-Engine05
R-Vehicle-Metals04
R-Wpn-Cannon-Accuracy02
R-Wpn-Mortar-Acc03
R-Wpn-Mortar-Incenediary
R-Wpn-Rocket03-HvAT-Arch
R-Wpn-RocketSlow-Accuracy02
R-Cyborg-Metals05
R-Defense-ECM1PylonMk2
R-Defense-MortarPit-Incenediary
R-Defense-SensoTower04
R-Defense-WallUpgrade05
R-Struc-Research-Upgrade06
R-Sys-CBSensor-Tower01
R-Vehicle-Engine06
R-Vehicle-Metals05
R-Wpn-AAGun-Accuracy01
R-Wpn-Flamer-Damage06
R-Wpn-Mortar02-Incenediary
R-Cyborg-Metals06
R-Defense-HvyMor-Inc
R-Defense-Super-Cannon
R-Defense-Super-Rocket
R-Defense-SuperIncMortar
R-Defense-WallUpgrade06
R-Sys-Sensor-Upgrade03
R-Vehicle-Metals06
R-Wpn-Flamer-Range03
R-Cyborg-Armor-Heat06
R-Vehicle-Armor-Heat06
