


R-Struc-VTOLPad-Upgrade01
R-Wpn-Bomb02
R-Wpn-Howitzer-Accuracy01
R-Wpn-Missile2A-T
R-Struc-VTOLPad-Upgrade02
R-Wpn-AAGun-Accuracy02
R-Wpn-Bomb04
R-Wpn-Howitzer-Accuracy02
R-Wpn-Howitzer-Range01
R-Wpn-Missile-ROF01
R-Defense-Howitzer-Ram
R-Struc-VTOLPad-Upgrade03
R-Wpn-AAGun-Accuracy03
R-Wpn-Howitzer-Accuracy03
R-Wpn-Howitzer-ROF01
R-Wpn-Missile-Damage01
R-Wpn-Missile-ROF02
R-Defense-SuperRamjetHowitzer
R-Wpn-Howitzer-ROF02
R-Wpn-Howitzer03-Rot
R-Wpn-Missile-Accuracy01
R-Wpn-Missile-Damage02
R-Wpn-Missile-ROF03
R-Defense-RotHow
R-Defense-Super-Missile
R-Wpn-Howitzer-ROF03
R-Wpn-Howitzer03-Rot-Inc
R-Wpn-Howitzer03-Rot-Ram
R-Wpn-Missile-Accuracy02
R-Wpn-Missile-Damage03
R-Wpn-Missile-Range01
R-Defense-RotHow-Inc
R-Wpn-Howitzer-ROF04
R-Wpn-Missile-Range02
R-Wpn-Missile-Range03
