


R-Defense-HardcreteWall
R-Struc-CommandRelay
R-Struc-Factory-Module
R-Struc-RepairFacility
R-Sys-ECM-Upgrade01
R-Wpn-Cannon1Mk1
R-Wpn-MG3Mk1-Twn
R-Comp-CommandTurret01
R-Defense-HardcreteGate
R-Defense-MortarPit
R-Defense-Pillbox01
R-Defense-Pillbox04
R-Defense-Pillbox05
R-Defense-Tower02
R-Defense-WallTower02
R-Defense-WallUpgrade01
R-Sys-Sensor-Tower02
R-Vehicle-Body05
R-Wpn-AAGun06
R-Defense-ECM1PylonMk1
R-Defense-Pillbox02
R-Defense-WallTower01
R-Defense-WallUpgrade02
R-Struc-Materials01
R-Defense-WallUpgrade03
R-Struc-Materials02
R-Struc-Materials03
