


R-Vehicle-Body04
R-Vehicle-Body17
R-Vehicle-Metals01
R-Wpn-Cannon2Mk1
R-Wpn-Rocket-Pod-MRA
R-Wpn-Rocket-Pod-MRA-Twin
R-Wpn-Rocket05-MiniPod-Arch
R-Defense-WallTower03
R-Vehicle-Metals02
R-Wpn-Mortar02Hvy
R-Wpn-Rocket-Pod-Twn-Arch
R-Wpn-Rocket-Range01
R-Wpn-Rocket02-MRL
R-Defense-HvyMor
R-Vehicle-Body11
R-Wpn-Mortar-Damage04
R-Wpn-Mortar-ROF02
R-Wpn-Rocket-Pod-MRA-Quad
R-Wpn-Rocket-Pod-Quad-Arch
R-Wpn-Rocket-Range02
R-Defense-MRL
R-Defense-Tower09
R-Defense-Tower10
R-Wpn-Mortar-Damage05
R-Wpn-Mortar-ROF03
R-Wpn-Rocket-Arch-Hvy-Aslt-Gat
R-Wpn-Rocket-Range03
R-Wpn-Mortar-Damage06
