


R-Struc-Factory-Upgrade01
R-Struc-Research-Module
R-Vehicle-Armor-Heat01
R-Vehicle-Engine02
R-Vehicle-Prop-Tracks
R-Wpn-Rocket05-MiniPod
R-Cyborg-Metals01
R-Defense-Tower08
R-Struc-Research-Upgrade01
R-Struc-RprFac-Upgrade01
R-Vehicle-Armor-Heat02
R-Wpn-MG-ROF01
R-Wpn-Rocket-Damage01
R-Cyborg-Metals02
R-Struc-Research-Upgrade02
R-Sys-MobileRepairTurretHvy
R-Vehicle-Armor-Heat03
R-Wpn-Cannon-Accuracy01
R-Wpn-Rocket-Damage02
R-Cyborg-Metals03
R-Struc-Research-Upgrade03
R-Wpn-Mortar-Acc01
R-Wpn-Rocket-Accuracy01
R-Wpn-Rocket-Damage03
R-Wpn-Rocket-ROF01
R-Cyborg-Armor-Heat01
R-Struc-Factory-Upgrade04
R-Wpn-Rocket-Pod-Twn
R-Wpn-Rocket-ROF02
R-Wpn-Rocket01-LtAT
R-Cyborg-Armor-Heat02
R-Defense-Pillbox06
R-Defense-WallTower06
R-Wpn-Cannon-ROF02
R-Wpn-Rocket-Damage04
R-Wpn-Rocket-Pod-Quad
R-Wpn-Rocket-ROF03
R-Wpn-Rocket03-HvAT
R-Cyborg-Armor-Heat03
R-Defense-Tower06
R-Wpn-Cannon-ROF03
R-Wpn-Rocket-Accuracy02
R-Wpn-Rocket01-LtAT-Quad
R-Wpn-RocketSlow-Accuracy01
