
R-Defense-WallUpgrade10
R-Vehicle-Body13
R-Wpn-RailGun03
R-Defense-CB-Tower03
R-Defense-ECM1PylonMk4
R-Defense-MassDriver
R-Defense-Plasteel-Atmiss
R-Defense-Plasteel-Cannon6TwinAslt-Rail
R-Defense-Plasteel-EMP
R-Defense-Plasteel-HeavyLaser-Gat
R-Defense-Plasteel-HeavyLaser-Inc-Aslt
R-Defense-Plasteel-Laser2PULSEMk1-Inc
R-Defense-Plasteel-PulseLas
R-Defense-Plasteel-Rail2
R-Defense-Plasteel-RailGun1Mk1-Gat-Twn
R-Defense-Plasteel-RailGun2Mk1-Twn-Inc
R-Defense-Plasteel-Railgun-Flak
R-Defense-Plasteel-TwinAssaultGun
R-Defense-Rail3
R-Defense-Super-Laser2-Fort
R-Defense-WallTower-Rail3
R-Defense-WallUpgrade11
R-Struc-CC-AR
R-Sys-Sensor-Tower03
R-Sys-SpySkyTower
R-Vehicle-Body14
R-Vehicle-Engine09
R-Wpn-RailGun03-Aslt
R-Defense-Plasteel-Rail3
R-Defense-RailGun2Mk1-GatAT
R-Defense-WallUpgrade12
R-Wpn-RailGun05
R-Defense-RailGun3Mk1-Aslt
R-Wpn-RailGun06
R-Defense-RailGun3Mk1-Hvy
