

R-Struc-Factory-Upgrade09
R-Sys-Resistance
R-Vehicle-Body16
R-Wpn-LasSat
R-Wpn-RailGun02
R-Comp-MissileCodes01
R-Cyborg-Hvywpn-RailGunner
R-Defense-Rail2
R-Wpn-AAGun07
R-Wpn-Cannon6TwinAslt-Rail
R-Wpn-Howitzer03-Rot-Rail
R-Wpn-HowitzerMk1-Rail
R-Wpn-HvyHowitzer-Rail
R-Wpn-HvyHowitzer-Rail-Ram
R-Wpn-Rail-Damage03
R-Wpn-Rail-Range01
R-Wpn-RailGun07
R-Cyborg-MechaRail
R-Defense-Howitzer-Rail
R-Defense-HvyHowitzer-Rail
R-Defense-RotHow-Rail
R-Wpn-Howitzer03-Rot-Rail-Inc
R-Wpn-Howitzer03-Rot-Rail-Ram
R-Wpn-HowitzerMk1-Rail-Inc
R-Wpn-HowitzerMk1-Rail-Ram
R-Wpn-HvyHowitzer-Gat-Rail
R-Wpn-HvyHowitzer-Rail-Hvy-Ram
R-Wpn-HvyHowitzer-Rail-Inc
R-Wpn-Rail-Range02
R-Wpn-RailGun08
R-Defense-Howitzer-Rail-Inc
R-Defense-Howitzer-Rail-Ram
R-Defense-HvyHowitzer-Gat-Rail
R-Defense-HvyHowitzer-Rail-Inc
R-Defense-HvyHowitzer-Rail-Ram
R-Defense-RotHow-Rail-Inc
R-Defense-RotHow-Rail-Ram
R-Defense-SuperRailHowitzer
R-Wpn-Rail-Range03
R-Defense-HvyHowitzer-Rail-Hvy-Ram
R-Defense-SuperIncRailHowitzer

