


R-Cyborg-Armor-Heat07
R-Cyborg-Hvywpn-A-T
R-Cyborg-Hvywpn-Flamer
R-Cyborg-Hvywpn-IncMortar
R-Cyborg-Hvywpn-MG3
R-Cyborg-Hvywpn-Mcannon
R-Cyborg-Hvywpn-Mortar1Mk1-Ram
R-Cyborg-Hvywpn-Ripple
R-Cyborg-Hvywpn-Rocket-LtA-T
R-Cyborg-Hvywpn-TK
R-Struc-Power-Upgrade01b
R-Struc-Power-Upgrade02
R-Sys-Engineering03
R-Sys-Sensor-Upgrade03
R-Wpn-Bomb-Accuracy03
R-Wpn-Cannon-Damage08
R-Wpn-Cannon-ROF05
R-Wpn-Howitzer-Accuracy03
R-Wpn-Howitzer-Damage04
R-Wpn-Howitzer-Incenediary
R-Wpn-Howitzer-ROF04
R-Wpn-Howitzer-Range01
R-Wpn-Howitzer03-Rot
R-Wpn-HvyHowitzer-Gat
R-Wpn-Missile-ROF01
R-Wpn-Mortar03-Incenediary
R-Cyborg-Armor-Heat08
R-Cyborg-Hvywpn-HPV
R-Cyborg-Hvywpn-MG4
R-Defense-Howitzer-Incenediary
R-Defense-Howitzer-Ram
R-Defense-HvyHowitzer-Gat
R-Defense-RotHow
R-Struc-Power-Upgrade01c
R-Struc-Power-Upgrade03
R-Struc-VTOLPad-Upgrade04
R-Wpn-Cannon-Damage09
R-Wpn-Cannon-ROF06
R-Wpn-Howitzer-Damage05
R-Wpn-Howitzer-Range02
R-Wpn-Howitzer03-Rot-Inc
R-Wpn-Howitzer03-Rot-Ram
R-Wpn-HvyHowitzer-Inc
R-Wpn-Missile-Damage01
R-Wpn-Missile-ROF02
R-Cyborg-Armor-Heat09
R-Cyborg-Hvywpn-Acannon
R-Defense-HvyHowitzer-Inc
R-Defense-HvyHowitzer-Ram
R-Defense-RotHow-Inc
R-Defense-RotHow-Ram
R-Defense-SuperIncHowitzer
R-Defense-SuperRamjetHowitzer
R-Struc-Power-Upgrade03a
R-Struc-VTOLPad-Upgrade05
R-Wpn-Howitzer-Damage06
R-Wpn-Howitzer-Range03
R-Wpn-Missile-Accuracy01
R-Wpn-Missile-Damage02
R-Wpn-Missile-ROF03
R-Defense-HvyHowitzer-Ram-Hvy
R-Defense-Super-Missile
R-Struc-VTOLPad-Upgrade06
R-Wpn-HvyHowitzer-Ram-Hvy
R-Wpn-Missile-Accuracy02
R-Wpn-Missile-Damage03
R-Wpn-Missile-Range01
R-Wpn-Missile-Range02
R-Wpn-Missile-Range03

