

R-Wpn-Laser02
R-Wpn-Missile-LtSAM
R-Wpn-RailGun01
R-Cyborg-Hvywpn-PulseLsr
R-Defense-GuardTower-Rail1
R-Defense-PulseLas
R-Defense-SamSite1
R-Defense-WallTower-PulseLas
R-Wpn-Energy-Damage01
R-Wpn-Flame2-Rail
R-Wpn-HvyLaser
R-Wpn-HvyLaser-Aslt
R-Wpn-HvyLaser-Gat
R-Wpn-Laser02-Aslt
R-Wpn-Laser02-Gat
R-Wpn-Laser02-Inc
R-Wpn-Laser02-Med-Aslt
R-Wpn-Missile-HvSAM
R-Wpn-Missile-LtSAM2-Arch
R-Wpn-Mortar01Lt-Rail
R-Wpn-PlasmaCannon-Hvy-Lsr-Aslt
R-Wpn-Rail-Damage01
R-Cyborg-MechaLaser
R-Defense-HeavyLas
R-Defense-HeavyLaser-Gat
R-Defense-Laser2PULSEMk1-Inc
R-Defense-Laser4-PlasmaCannon-Hvy-Lsr-Aslt
R-Defense-MortarPit-Rail
R-Defense-SamSite-Arch
R-Defense-SamSite2
R-Defense-WallTower-HeavyLaser-Gat
R-Defense-WallTower-Laser2PULSEMk1-Inc
R-Defense-WallTower-SamHvy
R-Defense-WallTower-SamSite
R-Wpn-Energy-Damage02
R-Wpn-Energy-ROF01
R-Wpn-Flame3-Rail
R-Wpn-HvyLaser-Inc-Aslt
R-Wpn-Laser02-Aslt-Hvy
R-Wpn-Laser02-Inc-Aslt
R-Wpn-Missile-HvSAM-Arch
R-Wpn-Mortar01Lt-Rail-Inc
R-Wpn-Mortar01Lt-Rail-Ram
R-Wpn-Mortar02Hvy-Rail
R-Wpn-Mortar3-Rail
R-Wpn-Rail-Accuracy01
R-Wpn-Rail-Damage02
R-Wpn-RailGun04
R-Defense-HeavyLaser-Inc-Aslt
R-Defense-HvyMor-Rail
R-Defense-MortarPit-Rail-Inc
R-Defense-MortarPit-Rail-Ram
R-Defense-PlasmiteFlamer-Rail
R-Defense-RailGun1Mk1-Gat-Twn
R-Defense-RotMor-Rail
R-Defense-SamHvy-Arch
R-Defense-Super-FlamerPlasma-Fort
R-Defense-SuperRailMortar
R-Wpn-AAGun08
R-Wpn-AALaser
R-Wpn-Energy-Damage03
R-Wpn-Energy-ROF02
R-Wpn-Energy-Range02
R-Wpn-Mortar02Hvy-Rail-Inc
R-Wpn-Mortar02Hvy-Rail-Ram
R-Wpn-Mortar3-Rail-Inc
R-Wpn-Mortar3-Rail-Ram
R-Wpn-Rail-ROF01
R-Defense-AA-Laser
R-Defense-AAGunLaser-Lng
R-Defense-HvyMor-Rail-Inc
R-Defense-HvyMor-Rail-Ram
R-Defense-Railgun-Flak
R-Defense-RotMor-Rail-Inc
R-Defense-RotMor-Rail-Ram
R-Defense-SuperIncRailMortar
R-Defense-WallTower-RailGun1Mk1-GatAA
R-Defense-WallTower-Railgun-Flak
R-Wpn-Energy-ROF03
R-Wpn-Energy-Range03
R-Wpn-Rail-ROF02
R-Wpn-Energy-Range04
R-Wpn-Rail-ROF03
R-Struc-Factory-Upgrade07
