


R-Cyborg-MechaBody
R-Struc-Research-Upgrade07
R-Vehicle-Body03
R-Vehicle-Body15
R-Wpn-Bomb05
R-Wpn-Laser01
R-Comp-CommandTurret02
R-Cyborg-Engine04
R-Cyborg-MechaCannon
R-Cyborg-MechaFlamer
R-Cyborg-MechaMachinegun
R-Cyborg-MechaMissile
R-Cyborg-MechaRocket
R-Defense-PrisLas
R-Struc-Factory-Cyborg-Mech
R-Struc-Research-Upgrade08
R-Sys-Sensor-WS
R-Vehicle-Armor-Heat07
R-Vehicle-Metals07
R-Wpn-EMPCannon
R-Wpn-Energy-Range01
R-Wpn-MortarEMP
R-Wpn-Plasmite-Flamer
R-Wpn-Rocket05-MiniPod-EMP
R-Cyborg-Engine05
R-Cyborg-Hvywpn-EMP
R-Defense-EMPCannon
R-Defense-PlasmiteFlamer
R-Defense-Super-EMP-Fort
R-Struc-Research-Upgrade09
R-Sys-Autorepair-General
R-Sys-Engineering04
R-Sys-Sensor-WSTower
R-Sys-SpyTurret
R-Vehicle-Armor-Heat08
R-Vehicle-Engine07
R-Vehicle-Metals08
R-Wpn-EMP-Damage01
R-Wpn-Energy-Accuracy01
R-Wpn-Flamer-Damage07
R-Wpn-Flamer-ROF04
R-Cyborg-Engine06
R-Cyborg-Hvywpn-SpyTurret01
R-Cyborg-Hvywpn-TwnFlamer
R-Defense-EMPMortar
R-Defense-Super-NEXUS-Fort
R-Struc-Factory-Upgrade07
R-Sys-Sensor-UpLink
R-Sys-SpyTower
R-Vehicle-Armor-Heat09
R-Vehicle-Metals09
R-Wpn-Bomb-Damage04
R-Wpn-EMP-Damage02
R-Wpn-Flamer-Damage08
R-Wpn-Flamer-ROF05
R-Sys-SpyTurret-Range01
R-Wpn-Bomb-Damage05
R-Wpn-EMP-Damage03
R-Wpn-Flamer-Damage09
R-Wpn-Flamer-ROF06
R-Wpn-Bomb-Damage06

