
	Found: R-Vehicle-Body01
	Found: R-Sys-Spade1Mk1
	Found: R-Vehicle-Prop-Wheels
	Found: R-Vehicle-Body26
	Found: R-Sys-Sensor-Upgrade00
	Found: R-Wpn-MG1Mk1
	Found: R-Vehicle-Engine01
	Found: R-Struc-PowerModuleMk1
	Found: R-Sys-Engineering01
	Found: R-Struc-Factory-Cyborg
	Found: R-Struc-Factory-Module
	Found: R-Vehicle-Engine01
	Found: R-Vehicle-Engine02
	Found: R-Vehicle-Prop-Helicopter
	Found: R-Struc-Factory-Upgrade01
	Found: R-Struc-VTOLFactory
	Found: R-Wpn-Flamer01Mk1
	Found: R-Wpn-Flamer-Damage01
	Found: R-Wpn-Flamer-Damage02
	Found: R-Wpn-Flamer-Damage03
	Found: R-Sys-MobileRepairTurret01
	Found: R-Wpn-MG-Damage01
	Found: R-Wpn-Cannon1Mk1
	Found: R-Wpn-MG-Damage01
	Found: R-Wpn-Cannon1Mk1
	Found: R-Wpn-Cannon-Damage01
	Found: R-Defense-HardcreteWall
	Found: R-Defense-WallUpgrade01
	Found: R-Defense-WallUpgrade02
	Found: R-Defense-WallUpgrade03
	Found: R-Defense-HardcreteWall
	Found: R-Defense-WallTower02
	Found: R-Wpn-Cannon2Mk1
	Found: R-Defense-WallTower03
	Found: R-Wpn-MG-Damage02
	Found: R-Wpn-MG2Mk1
	Found: R-Wpn-AAGun05
	Found: R-Wpn-AAGun03
	Found: R-Defense-AASite-QuadMg1
	Found: R-Wpn-MG-Damage03
	Found: R-Wpn-MG3Mk1
	Found: R-Sys-Sensor-Turret01
	Found: R-Sys-Sensor-Tower01
	Found: R-Struc-CommandRelay
	Found: R-Struc-Research-Module
	Found: R-Struc-Research-Upgrade01
	Found: R-Struc-Research-Upgrade02
	Found: R-Struc-Research-Upgrade03
	Found: R-Struc-Factory-Upgrade04
	Found: R-Vehicle-Metals01
	Found: R-Vehicle-Metals02
	Found: R-Vehicle-Metals03
	Found: R-Cyborg-Metals01
	Found: R-Cyborg-Metals02
	Found: R-Cyborg-Metals03
	Found: R-Wpn-Rocket05-MiniPod
	Found: R-Wpn-Rocket-Damage01
	Found: R-Wpn-Rocket-Damage02
	Found: R-Wpn-Rocket-Damage03
	Found: R-Wpn-Rocket05-MiniPod
	Found: R-Wpn-Rocket-Damage01
	Found: R-Wpn-Rocket-Damage02
	Found: R-Wpn-Rocket05-MiniPod
	Found: R-Wpn-Rocket-Damage01
	Found: R-Wpn-Rocket-Damage02
	Found: R-Wpn-Rocket-ROF01
	Found: R-Wpn-Rocket-ROF02
	Found: R-Wpn-Rocket-Accuracy01
	Found: R-Wpn-Rocket-Pod-MRA
	Found: R-Wpn-Rocket-Range01
	Found: R-Wpn-Rocket-Range02
	Found: R-Wpn-Rocket-Pod-MRA-Twin
	Found: R-Wpn-Rocket02-MRL
	Found: R-Wpn-Rocket-Pod-MRA-Quad
	Found: R-Vehicle-Armor-Heat01
	Found: R-Vehicle-Body17
	Found: R-Vehicle-Armor-Heat02
	Found: R-Vehicle-Body04
	Found: R-Vehicle-Body08
	Found: R-Vehicle-Body18
	Found: R-Vehicle-Engine03
	Found: R-Vehicle-Engine04
	Found: R-Vehicle-Armor-Heat03
	Found: R-Vehicle-Body12
	Found: R-Vehicle-Body19
	Found: R-Struc-Materials01
	Found: R-Struc-Materials02
	Found: R-Struc-Materials03
	Found: R-Defense-HardcreteGate
	Found: R-Struc-RepairFacility
	Found: R-Struc-RprFac-Upgrade01
	Found: R-Wpn-MG-ROF01
	Found: R-Defense-Pillbox01
	Found: R-Defense-Pillbox02
	Found: R-Defense-Tower09
	Found: R-Wpn-Cannon-Damage02
	Found: R-Wpn-Cannon-Damage03
	Found: R-Wpn-Flamer-ROF01
	Found: R-Wpn-MG-Damage04
	Found: R-Defense-Tower02
	Found: R-Wpn-Mortar01Lt
	Found: R-Wpn-Mortar-Damage01
	Found: R-Wpn-Mortar-Damage02
	Found: R-Wpn-Mortar-Damage03
	Found: R-Wpn-Rocket01-LtAT
	Found: R-Wpn-Rocket-Damage04
	Found: R-Wpn-Rocket-Accuracy02
	Found: R-Cyborg-Engine01
	Found: R-Wpn-RocketSlow-Accuracy01
	Found: R-Defense-Tower08
	Found: R-Defense-MRL
	Found: R-Comp-CommandTurret01
	Found: R-Defense-MortarPit
	Found: R-Defense-Pillbox04
	Found: R-Sys-Sensor-Tower02
	Found: R-Sys-ECM-Upgrade01
	Found: R-Defense-Pillbox05
	Found: R-Wpn-Rocket01-LtAT-Quad
	Found: R-Defense-Pillbox06
	Found: R-Defense-TankTrap01
	Found: R-Defense-Tower01
	Found: R-Wpn-Rocket-Pod-Twn
	Found: R-Wpn-Rocket-Pod-Quad
	Found: R-Defense-Tower06
	Found: R-Wpn-MG3Mk1-Twn
	Found: R-Defense-WallTower01
	Found: R-Defense-WallTower06
	Found: R-Wpn-AAGun06
	Found: R-Vehicle-Body05
	Found: R-Vehicle-Body11
	Found: R-Struc-VTOLPad
	Found: R-Sys-MobileRepairTurretHvy
	Found: R-Vehicle-Prop-Halftracks
	Found: R-Vehicle-Prop-Tracks
	Found: R-Vehicle-Prop-Hover
	Found: R-Wpn-Cannon-Accuracy01
	Found: R-Wpn-Cannon-Damage04
	Found: R-Wpn-Cannon-Damage05
	Found: R-Wpn-Cannon3Mk1
	Found: R-Wpn-Mortar-Acc01
	Found: R-Wpn-Cannon4AMk1
	Found: R-Wpn-AAGun02
	Found: R-Defense-AASite-QuadBof
	Found: R-Wpn-Mortar02Hvy
	Found: R-Defense-HvyMor
	Found: R-Wpn-Rocket03-HvAT
	Found: R-Defense-ECM1PylonMk1




	Found: R-Sys-Engineering02
	Found: R-Cyborg-Engine02
	Found: R-Cyborg-Engine03
	Found: R-Wpn-Rocket-Damage05
	Found: R-Wpn-Rocket-Damage06
	Found: R-Wpn-Rocket07-Tank-Killer
	Found: R-Wpn-Rocket07-Tank-Killer-Quad
	Found: R-Defense-Mortar3ROTARYMk1-Inc
	Found: R-Struc-Research-Upgrade04
	Found: R-Vehicle-Metals04
	Found: R-Vehicle-Metals05
	Found: R-Vehicle-Metals06
	Found: R-Cyborg-Metals04
	Found: R-Cyborg-Metals05
	Found: R-Cyborg-Metals06
	Found: R-Defense-WallUpgrade04
	Found: R-Defense-WallUpgrade05
	Found: R-Defense-WallUpgrade06
	Found: R-Defense-WallTower-HvyA-Trocket
	Found: R-Wpn-Cannon4AMk1-Hvy
	Found: R-Wpn-Cannon-ROF01
	Found: R-Struc-Research-Upgrade05
	Found: R-Wpn-Cannon5
	Found: R-Wpn-Cannon6TwinAslt
	Found: R-Wpn-Cannon375mmMk1-Twn
	Found: R-Defense-WallTower04
	Found: R-Struc-Materials04
	Found: R-Struc-Materials05
	Found: R-Struc-Materials06
	Found: R-Struc-Research-Upgrade06
	Found: R-Vehicle-Prop-VTOL
	Found: R-Wpn-Bomb01
	Found: R-Wpn-Bomb-Accuracy01
	Found: R-Wpn-Bomb07
	Found: R-Wpn-Flamer-Damage04
	Found: R-Wpn-Flame2
	Found: R-Wpn-Mortar-Incenediary
	Found: R-Defense-MortarPit-Incenediary
	Found: R-Defense-SuperIncMortar
	Found: R-Wpn-Mortar02-Incenediary
	Found: R-Defense-HvyMor-Inc
	Found: R-Struc-RprFac-Upgrade04
	Found: R-Wpn-MG-ROF02
	Found: R-Wpn-MG-ROF03
	Found: R-Defense-HvyA-Trocket
	Found: R-Wpn-Mortar-Range01
	Found: R-Wpn-Mortar-Range01
	Found: R-Wpn-Mortar-Range02
	Found: R-Defense-MortarPit-Ram
	Found: R-Defense-HvyMor-Ram
	Found: R-Wpn-Cannon-Damage06
	Found: R-Wpn-Cannon-ROF02
	Found: R-Wpn-Cannon-ROF03
	Found: R-Wpn-Cannon-ROF02
	Found: R-Wpn-Cannon-ROF03
	Found: R-Wpn-Cannon-Damage07
	Found: R-Wpn-Cannon-ROF04
	Found: R-Wpn-Cannon-Damage07
	Found: R-Wpn-Cannon-ROF04
	Found: R-Wpn-Cannon5-Hvy-Aslt
	Found: R-Wpn-Cannon5-Hvy-Aslt
	Found: R-Wpn-Cannon-Mount01
	Found: R-Wpn-Cannon-Mount02
	Found: R-Wpn-Cannon-Mount03
	Found: R-Defense-Mortar3ROTARYMk1-Ram-Rot
	Found: R-Wpn-Flamer-Damage05
	Found: R-Wpn-Flamer-Damage06
	Found: R-Wpn-Flamer-ROF02
	Found: R-Wpn-Flamer-ROF03
	Found: R-Wpn-MG-Damage05
	Found: R-Wpn-MG-Damage06
	Found: R-Wpn-MG-Damage07
	Found: R-Wpn-MG-Damage08
	Found: R-Defense-WallTower-DoubleAAgun
	Found: R-Wpn-Mortar-Damage04
	Found: R-Wpn-Mortar-Damage05
	Found: R-Wpn-Mortar-Damage06
	Found: R-Wpn-AAGun-Damage01
	Found: R-Wpn-AAGun-Damage02
	Found: R-Wpn-MG4
	Found: R-Wpn-AAGun04
	Found: R-Defense-AASite-QuadRotMg
	Found: R-Defense-WallTower-QuadRotAA
	Found: R-Wpn-Rocket-ROF03
	Found: R-Vehicle-Engine05
	Found: R-Vehicle-Engine06
	Found: R-Sys-Sensor-Upgrade01
	Found: R-Sys-Sensor-Upgrade02
	Found: R-Wpn-RocketSlow-Accuracy02
	Found: R-Wpn-Missile2A-T
	Found: R-Wpn-Cannon5-Inc
	Found: R-Wpn-Cannon-Accuracy02
	Found: R-Wpn-MG3Mk1-Aslt
	Found: R-Defense-ECM1PylonMk2
	Found: R-Wpn-HowitzerMk1
	Found: R-Wpn-Howitzer-Accuracy01
	Found: R-Wpn-Howitzer-Accuracy02
	Found: R-Wpn-Howitzer-Damage01
	Found: R-Wpn-Howitzer-Damage02
	Found: R-Wpn-Howitzer-Damage03
	Found: R-Wpn-Rocket-Damage07
	Found: R-Wpn-Rocket-Damage08
	Found: R-Defense-Super-Rocket
	Found: R-Wpn-Mortar-Acc02
	Found: R-Wpn-Mortar-Acc03
	Found: R-Wpn-Mortar-ROF01
	Found: R-Wpn-Mortar-ROF02
	Found: R-Wpn-Mortar-ROF03
	Found: R-Wpn-Mortar-ROF04
	Found: R-Wpn-Rocket-Damage09
	Found: R-Sys-RadarDetector01
	Found: R-Vehicle-Body02
	Found: R-Vehicle-Body06
	Found: R-Vehicle-Body09
	Found: R-Vehicle-Armor-Heat04
	Found: R-Vehicle-Armor-Heat05
	Found: R-Vehicle-Armor-Heat06
	Found: R-Cyborg-Armor-Heat01
	Found: R-Cyborg-Armor-Heat02
	Found: R-Cyborg-Armor-Heat03
	Found: R-Cyborg-Armor-Heat04
	Found: R-Cyborg-Armor-Heat05
	Found: R-Cyborg-Armor-Heat06
	Found: R-Sys-CBSensor-Turret01
	Found: R-Sys-VTOLCBS-Turret01
	Found: R-Sys-VTOLCBS-Tower01
	Found: R-Wpn-MG4-Hvy
	Found: R-Defense-SensoTower04
	Found: R-Struc-VTOLPad-Upgrade01
	Found: R-Struc-VTOLPad-Upgrade02
	Found: R-Struc-VTOLPad-Upgrade03
	Found: R-Defense-Super-Cannon
	Found: R-Sys-VTOLStrike-Turret01
	Found: R-Sys-VTOLStrike-Tower01
	Found: R-Sys-ECM-Upgrade02
	Found: R-Struc-Power-Upgrade01
	Found: R-Wpn-AAGun-Accuracy01
	Found: R-Wpn-AAGun-Accuracy02
	Found: R-Wpn-AAGun-Accuracy03
	Found: R-Wpn-MG4-Hvy-Inc
	Found: R-Wpn-Mortar3
	Found: R-Wpn-Mortar-Range03
	Found: R-Wpn-AAGun-Damage03
	Found: R-Wpn-AAGun-Damage04
	Found: R-Wpn-AAGun-Damage05
	Found: R-Wpn-AAGun-Damage06
	Found: R-Wpn-AAGun-ROF01
	Found: R-Wpn-AAGun-ROF02
	Found: R-Wpn-AAGun-ROF03
	Found: R-Wpn-Bomb-Accuracy02
	Found: R-Wpn-Bomb03
	Found: R-Wpn-Cannon4AMk1-Hvy-Inc
	Found: R-Defense-Cannon4AUTOMk1-Hvy-Inc
	Found: R-Wpn-Howitzer-ROF01
	Found: R-Wpn-Howitzer-ROF02
	Found: R-Wpn-Howitzer-ROF03
	Found: R-Defense-Cannon6
	Found: R-Defense-Emplacement-HPVcannon
	Found: R-Cyborg-HvyBody
	Found: R-Cyborg-Hvywpn-Rocket-Pod-MRA
	Found: R-Defense-Howitzer
	Found: R-Defense-HvyFlamer
	Found: R-Defense-RotMG
	Found: R-Defense-Wall-VulcanCan
	Found: R-Defense-MG3Mk1-Aslt
	Found: R-Defense-WallTower-HPVcannon
	Found: R-Wpn-HvyHowitzer
	Found: R-Defense-HvyHowitzer
	Found: R-Defense-Wall-RotMg
	Found: R-Sys-CBSensor-Tower01
	Found: R-Wpn-Rocket06-IDF
	Found: R-Defense-IDFRocket
	Found: R-Wpn-Flamer-Range01
	Found: R-Wpn-Flamer-Range02
	Found: R-Wpn-Flamer-Range03
	Found: R-Wpn-RailGun2Mk1TwinAslt-Inc
	Found: R-Vehicle-Body20
	Found: R-Vehicle-Body21
	Found: R-Vehicle-Body22
	Found: R-Cyborg-Hvywpn-Rocket-Pod
	Found: R-Defense-RotMor
	Found: R-Defense-SuperRamjetMortar
	Found: R-Wpn-Rocket-Range03

